[2024-06-08 16:48:44,939 : INFO: main: Welcome to our custom logger]
[2024-06-12 14:55:15,256 : INFO: common: yaml file: config/config.yaml loaded successfully]
[2024-06-12 14:55:15,283 : INFO: common: yaml file: params.yaml loaded successfully]
[2024-06-12 14:55:15,286 : INFO: common: created directory at: artifacts]
[2024-06-12 14:55:15,288 : INFO: common: created directory at: artifacts/data_ingestion]
[2024-06-12 14:56:20,514 : INFO: common: yaml file: config/config.yaml loaded successfully]
[2024-06-12 14:56:20,519 : INFO: common: yaml file: params.yaml loaded successfully]
[2024-06-12 14:56:20,520 : INFO: common: created directory at: artifacts]
[2024-06-12 14:56:20,521 : INFO: common: created directory at: artifacts/data_ingestion]
[2024-06-12 15:00:23,361 : INFO: common: yaml file: config/config.yaml loaded successfully]
[2024-06-12 15:00:23,365 : INFO: common: yaml file: params.yaml loaded successfully]
[2024-06-12 15:00:23,366 : INFO: common: created directory at: artifacts]
[2024-06-12 15:00:23,368 : INFO: common: created directory at: artifacts/data_ingestion]
[2024-06-12 15:03:40,428 : INFO: common: yaml file: config/config.yaml loaded successfully]
[2024-06-12 15:03:40,432 : INFO: common: yaml file: params.yaml loaded successfully]
[2024-06-12 15:03:40,433 : INFO: common: created directory at: artifacts]
[2024-06-12 15:03:40,435 : INFO: common: created directory at: artifacts/data_ingestion]
[2024-06-12 15:09:20,469 : INFO: common: yaml file: config/config.yaml loaded successfully]
[2024-06-12 15:09:20,477 : INFO: common: yaml file: params.yaml loaded successfully]
[2024-06-12 15:09:20,479 : INFO: common: created directory at: artifacts]
[2024-06-12 15:09:20,480 : INFO: common: created directory at: artifacts/data_ingestion]
[2024-06-12 15:09:20,483 : ERROR: 2257475951: An error occurred: 'DataIngestion' object has no attribute 'download_file']
[2024-06-12 15:21:38,979 : INFO: common: yaml file: config/config.yaml loaded successfully]
[2024-06-12 15:21:38,982 : INFO: common: yaml file: params.yaml loaded successfully]
[2024-06-12 15:21:38,983 : INFO: common: created directory at: artifacts]
[2024-06-12 15:21:38,987 : INFO: common: created directory at: artifacts/data_ingestion]
[2024-06-12 15:21:38,988 : INFO: 2101609963: Downloading data from https://drive.google.com/file/d/1QkhFwEN6Nw-bzCOkd-PnmBUjZCNN9bDB/view?usp=drive_link into file artifacts/data_ingestion/data.zip]
[2024-06-12 15:23:04,729 : INFO: 2101609963: Download data from https://drive.google.com/file/d/1QkhFwEN6Nw-bzCOkd-PnmBUjZCNN9bDB/view?usp=drive_link into artifacts/data_ingestion/data.zip]
[2024-06-12 15:23:16,930 : ERROR: 2257475951: An error occurred: 'DataIngestion' object has no attribute 'logger']
[2024-06-12 15:24:48,154 : INFO: common: yaml file: config/config.yaml loaded successfully]
[2024-06-12 15:24:48,156 : INFO: common: yaml file: params.yaml loaded successfully]
[2024-06-12 15:24:48,157 : INFO: common: created directory at: artifacts]
[2024-06-12 15:24:48,159 : INFO: common: created directory at: artifacts/data_ingestion]
[2024-06-12 15:24:48,161 : INFO: 1378210630: Downloading data from https://drive.google.com/file/d/1QkhFwEN6Nw-bzCOkd-PnmBUjZCNN9bDB/view?usp=drive_link into file artifacts/data_ingestion/data.zip]
[2024-06-12 15:26:12,754 : INFO: 1378210630: Download data from https://drive.google.com/file/d/1QkhFwEN6Nw-bzCOkd-PnmBUjZCNN9bDB/view?usp=drive_link into artifacts/data_ingestion/data.zip]
[2024-06-12 16:48:09,683 : INFO: main: >>>>>> stage Data Ingestion stage started <<<<<<]
[2024-06-12 16:48:09,684 : INFO: common: yaml file: config/config.yaml loaded successfully]
[2024-06-12 16:48:09,685 : INFO: common: yaml file: params.yaml loaded successfully]
[2024-06-12 16:48:09,685 : INFO: common: created directory at: artifacts]
[2024-06-12 16:48:09,685 : INFO: common: created directory at: artifacts/data_ingestion]
[2024-06-12 16:48:09,685 : INFO: data_ingestion: Downloading data from https://drive.google.com/file/d/1QkhFwEN6Nw-bzCOkd-PnmBUjZCNN9bDB/view?usp=drive_link into file artifacts/data_ingestion/data.zip]
[2024-06-12 16:49:35,050 : INFO: data_ingestion: Download data from https://drive.google.com/file/d/1QkhFwEN6Nw-bzCOkd-PnmBUjZCNN9bDB/view?usp=drive_link into artifacts/data_ingestion/data.zip]
[2024-06-12 16:49:45,628 : INFO: main: >>>>>> stage Data Ingestion stage completed <<<<<<

x==============x]
[2024-06-15 23:48:48,129 : INFO: common: yaml file: config/config.yaml loaded successfully]
[2024-06-15 23:48:48,172 : INFO: common: yaml file: params.yaml loaded successfully]
[2024-06-15 23:48:48,189 : INFO: common: created directory at: artifacts]
[2024-06-15 23:48:48,194 : INFO: common: created directory at: artifacts/prepare_base_model]
[2024-06-15 23:49:29,155 : INFO: common: yaml file: config/config.yaml loaded successfully]
[2024-06-15 23:49:29,160 : INFO: common: yaml file: params.yaml loaded successfully]
[2024-06-15 23:49:29,161 : INFO: common: created directory at: artifacts]
[2024-06-15 23:49:29,162 : INFO: common: created directory at: artifacts/prepare_base_model]
[2024-06-15 23:49:43,446 : INFO: common: yaml file: config/config.yaml loaded successfully]
[2024-06-15 23:49:43,450 : INFO: common: yaml file: params.yaml loaded successfully]
[2024-06-15 23:49:43,453 : INFO: common: created directory at: artifacts]
[2024-06-15 23:49:43,456 : INFO: common: created directory at: artifacts/prepare_base_model]
[2024-06-15 23:51:11,363 : INFO: common: yaml file: config/config.yaml loaded successfully]
[2024-06-15 23:51:11,369 : INFO: common: yaml file: params.yaml loaded successfully]
[2024-06-15 23:51:11,371 : INFO: common: created directory at: artifacts]
[2024-06-15 23:51:11,375 : INFO: common: created directory at: artifacts/prepare_base_model]
[2024-06-15 23:54:05,998 : INFO: common: yaml file: config/config.yaml loaded successfully]
[2024-06-15 23:54:06,003 : INFO: common: yaml file: params.yaml loaded successfully]
[2024-06-15 23:54:06,004 : INFO: common: created directory at: artifacts]
[2024-06-15 23:54:06,005 : INFO: common: created directory at: artifacts/prepare_base_model]
[2024-06-15 23:58:22,148 : INFO: common: yaml file: config/config.yaml loaded successfully]
[2024-06-15 23:58:22,158 : INFO: common: yaml file: params.yaml loaded successfully]
[2024-06-15 23:58:22,164 : INFO: common: created directory at: artifacts]
[2024-06-15 23:58:22,169 : INFO: common: created directory at: artifacts/prepare_base_model]
[2024-06-15 23:59:07,500 : INFO: common: yaml file: config/config.yaml loaded successfully]
[2024-06-15 23:59:07,503 : INFO: common: yaml file: params.yaml loaded successfully]
[2024-06-15 23:59:07,505 : INFO: common: created directory at: artifacts]
[2024-06-15 23:59:07,506 : INFO: common: created directory at: artifacts/prepare_base_model]
[2024-06-15 23:59:54,444 : INFO: common: yaml file: config/config.yaml loaded successfully]
[2024-06-15 23:59:54,451 : INFO: common: yaml file: params.yaml loaded successfully]
[2024-06-15 23:59:54,452 : INFO: common: created directory at: artifacts]
[2024-06-15 23:59:54,453 : INFO: common: created directory at: artifacts/prepare_base_model]
[2024-06-16 00:07:35,381 : INFO: common: yaml file: config/config.yaml loaded successfully]
[2024-06-16 00:07:35,413 : INFO: common: yaml file: params.yaml loaded successfully]
[2024-06-16 00:07:35,415 : INFO: common: created directory at: artifacts]
[2024-06-16 00:07:35,416 : INFO: common: created directory at: artifacts/prepare_base_model]
[2024-06-16 00:07:39,460 : INFO: common: yaml file: config/config.yaml loaded successfully]
[2024-06-16 00:07:39,465 : INFO: common: yaml file: params.yaml loaded successfully]
[2024-06-16 00:07:39,466 : INFO: common: created directory at: artifacts]
[2024-06-16 00:07:39,467 : INFO: common: created directory at: artifacts/prepare_base_model]
[2024-06-17 12:11:13,641 : INFO: common: yaml file: config/config.yaml loaded successfully]
[2024-06-17 12:11:13,669 : INFO: common: yaml file: params.yaml loaded successfully]
[2024-06-17 12:11:13,672 : INFO: common: created directory at: artifacts]
[2024-06-17 12:11:13,680 : INFO: common: created directory at: artifacts/prepare_base_model]
[2024-06-17 12:11:54,271 : INFO: common: yaml file: config/config.yaml loaded successfully]
[2024-06-17 12:11:54,282 : INFO: common: yaml file: params.yaml loaded successfully]
[2024-06-17 12:11:54,283 : INFO: common: created directory at: artifacts]
[2024-06-17 12:11:54,287 : INFO: common: created directory at: artifacts/prepare_base_model]
[2024-06-17 12:14:58,437 : INFO: common: yaml file: config/config.yaml loaded successfully]
[2024-06-17 12:14:58,448 : INFO: common: yaml file: params.yaml loaded successfully]
[2024-06-17 12:14:58,453 : INFO: common: created directory at: artifacts]
[2024-06-17 12:14:58,456 : INFO: common: created directory at: artifacts/prepare_base_model]
[2024-06-17 12:19:54,409 : INFO: common: yaml file: config/config.yaml loaded successfully]
[2024-06-17 12:19:54,416 : INFO: common: yaml file: params.yaml loaded successfully]
[2024-06-17 12:19:54,421 : INFO: common: created directory at: artifacts]
[2024-06-17 12:19:54,423 : INFO: common: created directory at: artifacts/prepare_base_model]
[2024-06-17 12:34:28,489 : INFO: common: yaml file: config/config.yaml loaded successfully]
[2024-06-17 12:34:28,515 : INFO: common: yaml file: params.yaml loaded successfully]
[2024-06-17 12:34:28,516 : INFO: common: created directory at: artifacts]
[2024-06-17 12:34:28,518 : INFO: common: created directory at: artifacts/prepare_base_model]
[2024-06-17 12:37:46,476 : INFO: common: yaml file: config/config.yaml loaded successfully]
[2024-06-17 12:37:46,484 : INFO: common: yaml file: params.yaml loaded successfully]
[2024-06-17 12:37:46,486 : INFO: common: created directory at: artifacts]
[2024-06-17 12:37:46,488 : INFO: common: created directory at: artifacts/prepare_base_model]
[2024-06-17 12:37:50,332 : INFO: common: yaml file: config/config.yaml loaded successfully]
[2024-06-17 12:37:50,337 : INFO: common: yaml file: params.yaml loaded successfully]
[2024-06-17 12:37:50,338 : INFO: common: created directory at: artifacts]
[2024-06-17 12:37:50,339 : INFO: common: created directory at: artifacts/prepare_base_model]
[2024-06-17 12:37:54,322 : INFO: common: yaml file: config/config.yaml loaded successfully]
[2024-06-17 12:37:54,328 : INFO: common: yaml file: params.yaml loaded successfully]
[2024-06-17 12:37:54,329 : INFO: common: created directory at: artifacts]
[2024-06-17 12:37:54,340 : INFO: common: created directory at: artifacts/prepare_base_model]
[2024-06-17 12:37:57,492 : INFO: common: yaml file: config/config.yaml loaded successfully]
[2024-06-17 12:37:57,495 : INFO: common: yaml file: params.yaml loaded successfully]
[2024-06-17 12:37:57,496 : INFO: common: created directory at: artifacts]
[2024-06-17 12:37:57,497 : INFO: common: created directory at: artifacts/prepare_base_model]
[2024-06-17 12:38:04,506 : INFO: common: yaml file: config/config.yaml loaded successfully]
[2024-06-17 12:38:04,508 : INFO: common: yaml file: params.yaml loaded successfully]
[2024-06-17 12:38:04,510 : INFO: common: created directory at: artifacts]
[2024-06-17 12:38:04,511 : INFO: common: created directory at: artifacts/prepare_base_model]
[2024-06-17 12:38:13,572 : INFO: common: yaml file: config/config.yaml loaded successfully]
[2024-06-17 12:38:13,576 : INFO: common: yaml file: params.yaml loaded successfully]
[2024-06-17 12:38:13,578 : INFO: common: created directory at: artifacts]
[2024-06-17 12:38:13,580 : INFO: common: created directory at: artifacts/prepare_base_model]
[2024-06-17 12:38:22,760 : INFO: common: yaml file: config/config.yaml loaded successfully]
[2024-06-17 12:38:22,768 : INFO: common: yaml file: params.yaml loaded successfully]
[2024-06-17 12:38:22,769 : INFO: common: created directory at: artifacts]
[2024-06-17 12:38:22,770 : INFO: common: created directory at: artifacts/prepare_base_model]
[2024-06-17 12:38:28,558 : INFO: common: yaml file: config/config.yaml loaded successfully]
[2024-06-17 12:38:28,565 : INFO: common: yaml file: params.yaml loaded successfully]
[2024-06-17 12:38:28,566 : INFO: common: created directory at: artifacts]
[2024-06-17 12:38:28,569 : INFO: common: created directory at: artifacts/prepare_base_model]
[2024-06-17 12:38:30,391 : INFO: common: yaml file: config/config.yaml loaded successfully]
[2024-06-17 12:38:30,397 : INFO: common: yaml file: params.yaml loaded successfully]
[2024-06-17 12:38:30,400 : INFO: common: created directory at: artifacts]
[2024-06-17 12:38:30,401 : INFO: common: created directory at: artifacts/prepare_base_model]
[2024-06-17 12:40:06,007 : INFO: common: yaml file: config/config.yaml loaded successfully]
[2024-06-17 12:40:06,014 : INFO: common: yaml file: params.yaml loaded successfully]
[2024-06-17 12:40:06,015 : INFO: common: created directory at: artifacts]
[2024-06-17 12:40:06,016 : INFO: common: created directory at: artifacts/prepare_base_model]
[2024-06-18 20:44:26,636 : INFO: common: yaml file: config/config.yaml loaded successfully]
[2024-06-18 20:44:26,742 : INFO: common: yaml file: params.yaml loaded successfully]
[2024-06-18 20:44:26,757 : INFO: common: created directory at: artifacts]
[2024-06-18 20:44:26,767 : INFO: common: created directory at: artifacts/prepare_base_model]
[2024-06-18 21:20:17,706 : INFO: common: yaml file: config/config.yaml loaded successfully]
[2024-06-18 21:20:17,711 : INFO: common: yaml file: params.yaml loaded successfully]
[2024-06-18 21:20:17,712 : INFO: common: created directory at: artifacts]
[2024-06-18 21:20:17,714 : INFO: common: created directory at: artifacts/prepare_base_model]
[2024-06-18 21:21:33,078 : WARNING: saving_api: You are saving your model as an HDF5 file via `model.save()` or `keras.saving.save_model(model)`. This file format is considered legacy. We recommend using instead the native Keras format, e.g. `model.save('my_model.keras')` or `keras.saving.save_model(model, 'my_model.keras')`. ]
[2024-06-18 21:21:34,114 : WARNING: saving_api: You are saving your model as an HDF5 file via `model.save()` or `keras.saving.save_model(model)`. This file format is considered legacy. We recommend using instead the native Keras format, e.g. `model.save('my_model.keras')` or `keras.saving.save_model(model, 'my_model.keras')`. ]
[2024-06-18 22:04:25,281 : INFO: main: >>>>>> stage Data Ingestion stage started <<<<<<]
[2024-06-18 22:04:25,285 : INFO: common: yaml file: config/config.yaml loaded successfully]
[2024-06-18 22:04:25,288 : INFO: common: yaml file: params.yaml loaded successfully]
[2024-06-18 22:04:25,288 : INFO: common: created directory at: artifacts]
[2024-06-18 22:04:25,289 : INFO: common: created directory at: artifacts/data_ingestion]
[2024-06-18 22:04:25,289 : INFO: data_ingestion: Downloading data from https://drive.google.com/file/d/1QkhFwEN6Nw-bzCOkd-PnmBUjZCNN9bDB/view?usp=drive_link into file artifacts/data_ingestion/data.zip]
[2024-06-18 22:14:23,589 : INFO: data_ingestion: Download data from https://drive.google.com/file/d/1QkhFwEN6Nw-bzCOkd-PnmBUjZCNN9bDB/view?usp=drive_link into artifacts/data_ingestion/data.zip]
[2024-06-18 22:14:34,432 : INFO: main: >>>>>> stage Data Ingestion stage completed <<<<<<

x==============x]
[2024-06-18 22:14:34,434 : INFO: main: >>>>>> stage Prepare base model started <<<<<<]
[2024-06-18 22:14:34,436 : INFO: common: yaml file: config/config.yaml loaded successfully]
[2024-06-18 22:14:34,440 : INFO: common: yaml file: params.yaml loaded successfully]
[2024-06-18 22:14:34,441 : INFO: common: created directory at: artifacts]
[2024-06-18 22:14:34,441 : INFO: common: created directory at: artifacts/data_ingestion]
[2024-06-18 22:14:34,441 : INFO: data_ingestion: Downloading data from https://drive.google.com/file/d/1QkhFwEN6Nw-bzCOkd-PnmBUjZCNN9bDB/view?usp=drive_link into file artifacts/data_ingestion/data.zip]
[2024-06-19 09:55:40,963 : INFO: main: >>>>>> stage Data Ingestion stage started <<<<<<]
[2024-06-19 09:55:40,969 : INFO: common: yaml file: config/config.yaml loaded successfully]
[2024-06-19 09:55:40,973 : INFO: common: yaml file: params.yaml loaded successfully]
[2024-06-19 09:55:40,973 : INFO: common: created directory at: artifacts]
[2024-06-19 09:55:40,974 : INFO: common: created directory at: artifacts/data_ingestion]
[2024-06-19 09:55:40,974 : INFO: data_ingestion: Downloading data from https://drive.google.com/file/d/1QkhFwEN6Nw-bzCOkd-PnmBUjZCNN9bDB/view?usp=drive_link into file artifacts/data_ingestion/data.zip]
[2024-06-19 09:59:54,465 : INFO: data_ingestion: Download data from https://drive.google.com/file/d/1QkhFwEN6Nw-bzCOkd-PnmBUjZCNN9bDB/view?usp=drive_link into artifacts/data_ingestion/data.zip]
[2024-06-19 10:00:05,301 : INFO: main: >>>>>> stage Data Ingestion stage completed <<<<<<

x==============x]
[2024-06-19 10:00:05,301 : INFO: main: >>>>>> stage Prepare base model started <<<<<<]
[2024-06-19 10:00:05,303 : INFO: common: yaml file: config/config.yaml loaded successfully]
[2024-06-19 10:00:05,307 : INFO: common: yaml file: params.yaml loaded successfully]
[2024-06-19 10:00:05,307 : INFO: common: created directory at: artifacts]
[2024-06-19 10:00:05,307 : INFO: common: created directory at: artifacts/prepare_base_model]
[2024-06-19 10:00:05,964 : WARNING: saving_api: You are saving your model as an HDF5 file via `model.save()` or `keras.saving.save_model(model)`. This file format is considered legacy. We recommend using instead the native Keras format, e.g. `model.save('my_model.keras')` or `keras.saving.save_model(model, 'my_model.keras')`. ]
[2024-06-19 10:00:06,350 : WARNING: saving_api: You are saving your model as an HDF5 file via `model.save()` or `keras.saving.save_model(model)`. This file format is considered legacy. We recommend using instead the native Keras format, e.g. `model.save('my_model.keras')` or `keras.saving.save_model(model, 'my_model.keras')`. ]
[2024-06-19 10:00:06,533 : INFO: main: >>>>>> stage Prepare base model completed <<<<<<

x==============x]
[2024-06-19 10:27:07,883 : INFO: common: yaml file: config/config.yaml loaded successfully]
[2024-06-19 10:27:07,984 : INFO: common: yaml file: params.yaml loaded successfully]
[2024-06-19 10:27:07,993 : INFO: common: created directory at: artifacts]
[2024-06-19 10:27:08,000 : INFO: common: created directory at: artifacts/training]
[2024-06-19 10:37:31,152 : INFO: common: yaml file: config/config.yaml loaded successfully]
[2024-06-19 10:37:31,158 : INFO: common: yaml file: params.yaml loaded successfully]
[2024-06-19 10:37:31,160 : INFO: common: created directory at: artifacts]
[2024-06-19 10:37:31,164 : INFO: common: created directory at: artifacts/training]
[2024-06-19 10:49:42,959 : INFO: common: yaml file: config/config.yaml loaded successfully]
[2024-06-19 10:49:42,964 : INFO: common: yaml file: params.yaml loaded successfully]
[2024-06-19 10:49:42,966 : INFO: common: created directory at: artifacts]
[2024-06-19 10:49:42,967 : INFO: common: created directory at: artifacts/training]
[2024-06-19 10:49:44,694 : WARNING: saving_utils: Compiled the loaded model, but the compiled metrics have yet to be built. `model.compile_metrics` will be empty until you train or evaluate the model.]
[2024-06-19 10:53:29,717 : INFO: common: yaml file: config/config.yaml loaded successfully]
[2024-06-19 10:53:29,726 : INFO: common: yaml file: params.yaml loaded successfully]
[2024-06-19 10:53:29,728 : INFO: common: created directory at: artifacts]
[2024-06-19 10:53:29,730 : INFO: common: created directory at: artifacts/training]
[2024-06-19 10:53:30,016 : WARNING: saving_utils: Compiled the loaded model, but the compiled metrics have yet to be built. `model.compile_metrics` will be empty until you train or evaluate the model.]
[2024-06-19 11:02:03,251 : INFO: common: yaml file: config/config.yaml loaded successfully]
[2024-06-19 11:02:03,257 : INFO: common: yaml file: params.yaml loaded successfully]
[2024-06-19 11:02:03,258 : INFO: common: created directory at: artifacts]
[2024-06-19 11:02:03,259 : INFO: common: created directory at: artifacts/training]
[2024-06-19 11:02:03,552 : WARNING: saving_utils: Compiled the loaded model, but the compiled metrics have yet to be built. `model.compile_metrics` will be empty until you train or evaluate the model.]
[2024-06-19 16:16:57,931 : INFO: common: yaml file: config/config.yaml loaded successfully]
[2024-06-19 16:16:57,943 : INFO: common: yaml file: params.yaml loaded successfully]
[2024-06-19 16:16:57,945 : INFO: common: created directory at: artifacts]
[2024-06-19 16:16:57,947 : INFO: common: created directory at: artifacts/training]
[2024-06-19 16:16:58,480 : WARNING: saving_utils: Compiled the loaded model, but the compiled metrics have yet to be built. `model.compile_metrics` will be empty until you train or evaluate the model.]
[2024-06-19 16:35:19,626 : INFO: common: yaml file: config/config.yaml loaded successfully]
[2024-06-19 16:35:19,675 : INFO: common: yaml file: params.yaml loaded successfully]
[2024-06-19 16:35:19,686 : INFO: common: created directory at: artifacts]
[2024-06-19 16:35:19,705 : INFO: common: created directory at: artifacts/training]
[2024-06-19 16:37:33,157 : INFO: common: yaml file: config/config.yaml loaded successfully]
[2024-06-19 16:37:33,167 : INFO: common: yaml file: params.yaml loaded successfully]
[2024-06-19 16:37:33,169 : INFO: common: created directory at: artifacts]
[2024-06-19 16:37:33,171 : INFO: common: created directory at: artifacts/training]
[2024-06-19 16:37:33,672 : WARNING: saving_utils: Compiled the loaded model, but the compiled metrics have yet to be built. `model.compile_metrics` will be empty until you train or evaluate the model.]
[2024-06-19 17:09:01,888 : WARNING: saving_api: You are saving your model as an HDF5 file via `model.save()` or `keras.saving.save_model(model)`. This file format is considered legacy. We recommend using instead the native Keras format, e.g. `model.save('my_model.keras')` or `keras.saving.save_model(model, 'my_model.keras')`. ]
[2024-06-20 10:21:08,872 : INFO: main: >>>>>> stage Data Ingestion stage started <<<<<<]
[2024-06-20 10:21:08,876 : INFO: common: yaml file: config/config.yaml loaded successfully]
[2024-06-20 10:21:08,880 : INFO: common: yaml file: params.yaml loaded successfully]
[2024-06-20 10:21:08,881 : INFO: common: created directory at: artifacts]
[2024-06-20 10:21:08,881 : INFO: common: created directory at: artifacts/data_ingestion]
[2024-06-20 10:21:08,881 : INFO: data_ingestion: Downloading data from https://drive.google.com/file/d/1QkhFwEN6Nw-bzCOkd-PnmBUjZCNN9bDB/view?usp=drive_link into file artifacts/data_ingestion/data.zip]
[2024-06-20 10:22:38,971 : INFO: data_ingestion: Download data from https://drive.google.com/file/d/1QkhFwEN6Nw-bzCOkd-PnmBUjZCNN9bDB/view?usp=drive_link into artifacts/data_ingestion/data.zip]
[2024-06-20 10:22:50,786 : INFO: main: >>>>>> stage Data Ingestion stage completed <<<<<<

x==============x]
[2024-06-20 10:22:50,789 : INFO: main: >>>>>> stage Prepare base model started <<<<<<]
[2024-06-20 10:22:50,795 : INFO: common: yaml file: config/config.yaml loaded successfully]
[2024-06-20 10:22:50,798 : INFO: common: yaml file: params.yaml loaded successfully]
[2024-06-20 10:22:50,799 : INFO: common: created directory at: artifacts]
[2024-06-20 10:22:50,799 : INFO: common: created directory at: artifacts/prepare_base_model]
[2024-06-20 10:22:51,505 : WARNING: saving_api: You are saving your model as an HDF5 file via `model.save()` or `keras.saving.save_model(model)`. This file format is considered legacy. We recommend using instead the native Keras format, e.g. `model.save('my_model.keras')` or `keras.saving.save_model(model, 'my_model.keras')`. ]
[2024-06-20 10:22:52,075 : WARNING: saving_api: You are saving your model as an HDF5 file via `model.save()` or `keras.saving.save_model(model)`. This file format is considered legacy. We recommend using instead the native Keras format, e.g. `model.save('my_model.keras')` or `keras.saving.save_model(model, 'my_model.keras')`. ]
[2024-06-20 10:22:52,247 : INFO: main: >>>>>> stage Prepare base model completed <<<<<<

x==============x]
[2024-06-20 10:22:52,248 : INFO: main: **********************]
[2024-06-20 10:22:52,248 : INFO: main: >>>>>> stage Training model started <<<<<<<]
[2024-06-20 10:22:52,250 : INFO: common: yaml file: config/config.yaml loaded successfully]
[2024-06-20 10:22:52,251 : INFO: common: yaml file: params.yaml loaded successfully]
[2024-06-20 10:22:52,251 : INFO: common: created directory at: artifacts]
[2024-06-20 10:22:52,252 : INFO: common: created directory at: artifacts/training]
[2024-06-20 10:22:52,455 : WARNING: saving_utils: Compiled the loaded model, but the compiled metrics have yet to be built. `model.compile_metrics` will be empty until you train or evaluate the model.]
[2024-06-20 10:46:40,452 : WARNING: saving_api: You are saving your model as an HDF5 file via `model.save()` or `keras.saving.save_model(model)`. This file format is considered legacy. We recommend using instead the native Keras format, e.g. `model.save('my_model.keras')` or `keras.saving.save_model(model, 'my_model.keras')`. ]
[2024-06-20 10:46:40,976 : INFO: main: >>>>>>> stage Training model completed <<<<<<

x==========x]
[2024-06-20 18:16:55,380 : INFO: main: >>>>>> stage Data Ingestion stage started <<<<<<]
[2024-06-20 18:16:55,389 : INFO: common: yaml file: config/config.yaml loaded successfully]
[2024-06-20 18:16:55,391 : INFO: common: yaml file: params.yaml loaded successfully]
[2024-06-20 18:16:55,392 : INFO: common: created directory at: artifacts]
[2024-06-20 18:16:55,392 : INFO: common: created directory at: artifacts/data_ingestion]
[2024-06-20 18:16:55,393 : INFO: data_ingestion: Downloading data from https://drive.google.com/file/d/1QkhFwEN6Nw-bzCOkd-PnmBUjZCNN9bDB/view?usp=drive_link into file artifacts/data_ingestion/data.zip]
[2024-06-20 18:18:23,695 : INFO: data_ingestion: Download data from https://drive.google.com/file/d/1QkhFwEN6Nw-bzCOkd-PnmBUjZCNN9bDB/view?usp=drive_link into artifacts/data_ingestion/data.zip]
[2024-06-20 18:18:37,814 : INFO: main: >>>>>> stage Data Ingestion stage completed <<<<<<

x==============x]
[2024-06-20 18:18:37,817 : INFO: main: >>>>>> stage Prepare base model started <<<<<<]
[2024-06-20 18:18:37,823 : INFO: common: yaml file: config/config.yaml loaded successfully]
[2024-06-20 18:18:37,827 : INFO: common: yaml file: params.yaml loaded successfully]
[2024-06-20 18:18:37,828 : INFO: common: created directory at: artifacts]
[2024-06-20 18:18:37,829 : INFO: common: created directory at: artifacts/prepare_base_model]
[2024-06-20 18:18:38,563 : WARNING: saving_api: You are saving your model as an HDF5 file via `model.save()` or `keras.saving.save_model(model)`. This file format is considered legacy. We recommend using instead the native Keras format, e.g. `model.save('my_model.keras')` or `keras.saving.save_model(model, 'my_model.keras')`. ]
[2024-06-20 18:18:38,859 : WARNING: saving_api: You are saving your model as an HDF5 file via `model.save()` or `keras.saving.save_model(model)`. This file format is considered legacy. We recommend using instead the native Keras format, e.g. `model.save('my_model.keras')` or `keras.saving.save_model(model, 'my_model.keras')`. ]
[2024-06-20 18:18:39,089 : INFO: main: >>>>>> stage Prepare base model completed <<<<<<

x==============x]
[2024-06-20 18:18:39,089 : INFO: main: **********************]
[2024-06-20 18:18:39,089 : INFO: main: >>>>>> stage Training model started <<<<<<<]
[2024-06-20 18:18:39,092 : INFO: common: yaml file: config/config.yaml loaded successfully]
[2024-06-20 18:18:39,093 : INFO: common: yaml file: params.yaml loaded successfully]
[2024-06-20 18:18:39,094 : INFO: common: created directory at: artifacts]
[2024-06-20 18:18:39,094 : INFO: common: created directory at: artifacts/training]
[2024-06-20 18:18:39,309 : WARNING: saving_utils: Compiled the loaded model, but the compiled metrics have yet to be built. `model.compile_metrics` will be empty until you train or evaluate the model.]
[2024-06-20 18:42:17,489 : WARNING: saving_api: You are saving your model as an HDF5 file via `model.save()` or `keras.saving.save_model(model)`. This file format is considered legacy. We recommend using instead the native Keras format, e.g. `model.save('my_model.keras')` or `keras.saving.save_model(model, 'my_model.keras')`. ]
[2024-06-20 18:42:17,860 : INFO: main: >>>>>>> stage Training model completed <<<<<<

x==========x]
[2024-06-20 18:42:17,860 : INFO: main: **********************]
[2024-06-20 18:42:17,860 : INFO: main: >>>>>> stage Evaluation stage started <<<<<<<]
[2024-06-20 18:42:17,879 : INFO: common: yaml file: config/config.yaml loaded successfully]
[2024-06-20 18:42:17,883 : INFO: common: yaml file: params.yaml loaded successfully]
[2024-06-20 18:42:17,883 : INFO: common: created directory at: artifacts]
[2024-06-20 18:42:18,162 : WARNING: saving_utils: Compiled the loaded model, but the compiled metrics have yet to be built. `model.compile_metrics` will be empty until you train or evaluate the model.]
[2024-06-20 18:48:28,336 : INFO: common: json file saved at: scores.json]
[2024-06-20 18:48:28,336 : INFO: common: json file saved at: scores.json]
[2024-06-20 18:49:08,432 : INFO: main: >>>>>>> stage Evaluation stage completed <<<<<<

x==========x]
[2024-06-21 11:51:15,104 : INFO: main: >>>>>> stage Data Ingestion stage started <<<<<<]
[2024-06-21 11:51:15,113 : INFO: common: yaml file: config/config.yaml loaded successfully]
[2024-06-21 11:51:15,115 : INFO: common: yaml file: params.yaml loaded successfully]
[2024-06-21 11:51:15,116 : INFO: common: created directory at: artifacts]
[2024-06-21 11:51:15,116 : INFO: common: created directory at: artifacts/data_ingestion]
[2024-06-21 11:51:15,116 : INFO: data_ingestion: Downloading data from https://drive.google.com/file/d/1QkhFwEN6Nw-bzCOkd-PnmBUjZCNN9bDB/view?usp=drive_link into file artifacts/data_ingestion/data.zip]
[2024-06-21 11:52:47,882 : INFO: data_ingestion: Download data from https://drive.google.com/file/d/1QkhFwEN6Nw-bzCOkd-PnmBUjZCNN9bDB/view?usp=drive_link into artifacts/data_ingestion/data.zip]
[2024-06-21 11:53:04,659 : INFO: main: >>>>>> stage Data Ingestion stage completed <<<<<<

x==============x]
[2024-06-21 11:53:04,661 : INFO: main: >>>>>> stage Prepare base model started <<<<<<]
[2024-06-21 11:53:04,664 : INFO: common: yaml file: config/config.yaml loaded successfully]
[2024-06-21 11:53:04,674 : INFO: common: yaml file: params.yaml loaded successfully]
[2024-06-21 11:53:04,674 : INFO: common: created directory at: artifacts]
[2024-06-21 11:53:04,674 : INFO: common: created directory at: artifacts/prepare_base_model]
[2024-06-21 11:53:05,364 : WARNING: saving_api: You are saving your model as an HDF5 file via `model.save()` or `keras.saving.save_model(model)`. This file format is considered legacy. We recommend using instead the native Keras format, e.g. `model.save('my_model.keras')` or `keras.saving.save_model(model, 'my_model.keras')`. ]
[2024-06-21 11:53:05,675 : WARNING: saving_api: You are saving your model as an HDF5 file via `model.save()` or `keras.saving.save_model(model)`. This file format is considered legacy. We recommend using instead the native Keras format, e.g. `model.save('my_model.keras')` or `keras.saving.save_model(model, 'my_model.keras')`. ]
[2024-06-21 11:53:05,881 : INFO: main: >>>>>> stage Prepare base model completed <<<<<<

x==============x]
[2024-06-21 11:53:05,881 : INFO: main: **********************]
[2024-06-21 11:53:05,881 : INFO: main: >>>>>> stage Training model started <<<<<<<]
[2024-06-21 11:53:05,884 : INFO: common: yaml file: config/config.yaml loaded successfully]
[2024-06-21 11:53:05,886 : INFO: common: yaml file: params.yaml loaded successfully]
[2024-06-21 11:53:05,887 : INFO: common: created directory at: artifacts]
[2024-06-21 11:53:05,887 : INFO: common: created directory at: artifacts/training]
[2024-06-21 11:53:06,128 : WARNING: saving_utils: Compiled the loaded model, but the compiled metrics have yet to be built. `model.compile_metrics` will be empty until you train or evaluate the model.]
[2024-06-21 12:19:25,284 : WARNING: saving_api: You are saving your model as an HDF5 file via `model.save()` or `keras.saving.save_model(model)`. This file format is considered legacy. We recommend using instead the native Keras format, e.g. `model.save('my_model.keras')` or `keras.saving.save_model(model, 'my_model.keras')`. ]
[2024-06-21 12:19:25,599 : INFO: main: >>>>>>> stage Training model completed <<<<<<

x==========x]
[2024-06-21 12:19:25,599 : INFO: main: **********************]
[2024-06-21 12:19:25,599 : INFO: main: >>>>>> stage Evaluation stage started <<<<<<<]
[2024-06-21 12:19:25,634 : INFO: common: yaml file: config/config.yaml loaded successfully]
[2024-06-21 12:19:25,639 : INFO: common: yaml file: params.yaml loaded successfully]
[2024-06-21 12:19:25,643 : INFO: common: created directory at: artifacts]
[2024-06-21 12:19:26,028 : WARNING: saving_utils: Compiled the loaded model, but the compiled metrics have yet to be built. `model.compile_metrics` will be empty until you train or evaluate the model.]
[2024-06-21 12:26:51,372 : INFO: common: json file saved at: scores.json]
[2024-06-21 12:26:51,376 : INFO: common: json file saved at: scores.json]
[2024-06-21 12:27:36,533 : INFO: main: >>>>>>> stage Evaluation stage completed <<<<<<

x==========x]
[2024-06-21 12:33:43,055 : INFO: main: >>>>>> stage Data Ingestion stage started <<<<<<]
[2024-06-21 12:33:43,065 : INFO: common: yaml file: config/config.yaml loaded successfully]
[2024-06-21 12:33:43,067 : INFO: common: yaml file: params.yaml loaded successfully]
[2024-06-21 12:33:43,067 : INFO: common: created directory at: artifacts]
[2024-06-21 12:33:43,068 : INFO: common: created directory at: artifacts/data_ingestion]
[2024-06-21 12:33:43,068 : INFO: data_ingestion: Downloading data from https://drive.google.com/file/d/1QkhFwEN6Nw-bzCOkd-PnmBUjZCNN9bDB/view?usp=drive_link into file artifacts/data_ingestion/data.zip]
[2024-06-21 12:35:08,998 : INFO: data_ingestion: Download data from https://drive.google.com/file/d/1QkhFwEN6Nw-bzCOkd-PnmBUjZCNN9bDB/view?usp=drive_link into artifacts/data_ingestion/data.zip]
[2024-06-21 12:35:22,463 : INFO: main: >>>>>> stage Data Ingestion stage completed <<<<<<

x==============x]
[2024-06-21 12:35:22,464 : INFO: main: >>>>>> stage Prepare base model started <<<<<<]
[2024-06-21 12:35:22,467 : INFO: common: yaml file: config/config.yaml loaded successfully]
[2024-06-21 12:35:22,470 : INFO: common: yaml file: params.yaml loaded successfully]
[2024-06-21 12:35:22,471 : INFO: common: created directory at: artifacts]
[2024-06-21 12:35:22,471 : INFO: common: created directory at: artifacts/prepare_base_model]
[2024-06-21 12:35:22,977 : WARNING: saving_api: You are saving your model as an HDF5 file via `model.save()` or `keras.saving.save_model(model)`. This file format is considered legacy. We recommend using instead the native Keras format, e.g. `model.save('my_model.keras')` or `keras.saving.save_model(model, 'my_model.keras')`. ]
[2024-06-21 12:35:23,176 : WARNING: saving_api: You are saving your model as an HDF5 file via `model.save()` or `keras.saving.save_model(model)`. This file format is considered legacy. We recommend using instead the native Keras format, e.g. `model.save('my_model.keras')` or `keras.saving.save_model(model, 'my_model.keras')`. ]
[2024-06-21 12:35:23,321 : INFO: main: >>>>>> stage Prepare base model completed <<<<<<

x==============x]
[2024-06-21 12:35:23,322 : INFO: main: **********************]
[2024-06-21 12:35:23,322 : INFO: main: >>>>>> stage Training model started <<<<<<<]
[2024-06-21 12:35:23,323 : INFO: common: yaml file: config/config.yaml loaded successfully]
[2024-06-21 12:35:23,324 : INFO: common: yaml file: params.yaml loaded successfully]
[2024-06-21 12:35:23,325 : INFO: common: created directory at: artifacts]
[2024-06-21 12:35:23,325 : INFO: common: created directory at: artifacts/training]
[2024-06-21 12:35:23,523 : WARNING: saving_utils: Compiled the loaded model, but the compiled metrics have yet to be built. `model.compile_metrics` will be empty until you train or evaluate the model.]
[2024-06-21 13:20:35,021 : WARNING: saving_api: You are saving your model as an HDF5 file via `model.save()` or `keras.saving.save_model(model)`. This file format is considered legacy. We recommend using instead the native Keras format, e.g. `model.save('my_model.keras')` or `keras.saving.save_model(model, 'my_model.keras')`. ]
[2024-06-21 13:20:35,540 : INFO: main: >>>>>>> stage Training model completed <<<<<<

x==========x]
[2024-06-21 13:20:35,540 : INFO: main: **********************]
[2024-06-21 13:20:35,540 : INFO: main: >>>>>> stage Evaluation stage started <<<<<<<]
[2024-06-21 13:20:35,569 : INFO: common: yaml file: config/config.yaml loaded successfully]
[2024-06-21 13:20:35,573 : INFO: common: yaml file: params.yaml loaded successfully]
[2024-06-21 13:20:35,574 : INFO: common: created directory at: artifacts]
[2024-06-21 13:20:35,927 : WARNING: saving_utils: Compiled the loaded model, but the compiled metrics have yet to be built. `model.compile_metrics` will be empty until you train or evaluate the model.]
[2024-06-21 13:27:54,048 : INFO: common: json file saved at: scores.json]
[2024-06-21 13:27:54,052 : INFO: common: json file saved at: scores.json]
[2024-06-21 13:28:41,193 : INFO: main: >>>>>>> stage Evaluation stage completed <<<<<<

x==========x]
[2024-06-21 17:56:47,939 : INFO: stage_01_data_ingestion: >>>>>> stage Data Ingestion stage started <<<<<<]
[2024-06-21 17:56:47,945 : INFO: common: yaml file: config/config.yaml loaded successfully]
[2024-06-21 17:56:47,947 : INFO: common: yaml file: params.yaml loaded successfully]
[2024-06-21 17:56:47,948 : INFO: common: created directory at: artifacts]
[2024-06-21 17:56:47,949 : INFO: common: created directory at: artifacts/data_ingestion]
[2024-06-21 17:56:47,949 : INFO: data_ingestion: Downloading data from https://drive.google.com/file/d/1QkhFwEN6Nw-bzCOkd-PnmBUjZCNN9bDB/view?usp=drive_link into file artifacts/data_ingestion/data.zip]
[2024-06-21 17:58:14,371 : INFO: data_ingestion: Download data from https://drive.google.com/file/d/1QkhFwEN6Nw-bzCOkd-PnmBUjZCNN9bDB/view?usp=drive_link into artifacts/data_ingestion/data.zip]
[2024-06-21 17:58:26,151 : INFO: stage_01_data_ingestion: >>>>>> stage Data Ingestion stage completed <<<<<<

x==============x]
[2024-06-21 18:11:57,951 : INFO: stage_02_prepare_base_model: *******************]
[2024-06-21 18:11:57,953 : INFO: stage_02_prepare_base_model: >>>>>> stage Prepare base model started <<<<<<]
[2024-06-21 18:11:57,956 : INFO: common: yaml file: config/config.yaml loaded successfully]
[2024-06-21 18:11:57,957 : INFO: common: yaml file: params.yaml loaded successfully]
[2024-06-21 18:11:57,958 : INFO: common: created directory at: artifacts]
[2024-06-21 18:11:57,958 : INFO: common: created directory at: artifacts/prepare_base_model]
[2024-06-21 18:11:58,601 : WARNING: saving_api: You are saving your model as an HDF5 file via `model.save()` or `keras.saving.save_model(model)`. This file format is considered legacy. We recommend using instead the native Keras format, e.g. `model.save('my_model.keras')` or `keras.saving.save_model(model, 'my_model.keras')`. ]
[2024-06-21 18:11:58,826 : WARNING: saving_api: You are saving your model as an HDF5 file via `model.save()` or `keras.saving.save_model(model)`. This file format is considered legacy. We recommend using instead the native Keras format, e.g. `model.save('my_model.keras')` or `keras.saving.save_model(model, 'my_model.keras')`. ]
[2024-06-21 18:11:58,991 : INFO: stage_02_prepare_base_model: >>>>>> stage Prepare base model completed <<<<<<

x==========x]
[2024-06-21 18:12:07,911 : INFO: stage_03_model_training: **********************]
[2024-06-21 18:12:07,912 : INFO: stage_03_model_training: >>>>>> stage Prepare base model started <<<<<<<]
[2024-06-21 18:12:07,914 : INFO: common: yaml file: config/config.yaml loaded successfully]
[2024-06-21 18:12:07,915 : INFO: common: yaml file: params.yaml loaded successfully]
[2024-06-21 18:12:07,916 : INFO: common: created directory at: artifacts]
[2024-06-21 18:12:07,916 : INFO: common: created directory at: artifacts/training]
[2024-06-21 18:12:08,289 : WARNING: saving_utils: Compiled the loaded model, but the compiled metrics have yet to be built. `model.compile_metrics` will be empty until you train or evaluate the model.]
[2024-06-21 18:36:36,360 : WARNING: saving_api: You are saving your model as an HDF5 file via `model.save()` or `keras.saving.save_model(model)`. This file format is considered legacy. We recommend using instead the native Keras format, e.g. `model.save('my_model.keras')` or `keras.saving.save_model(model, 'my_model.keras')`. ]
[2024-06-21 18:36:36,833 : INFO: stage_03_model_training: >>>>>>> stage Prepare base model completed <<<<<<

x==========x]
[2024-06-21 18:37:07,675 : INFO: stage_04_model_evaluation: **********************]
[2024-06-21 18:37:07,675 : INFO: stage_04_model_evaluation: >>>>>> stage Evaluation stage started <<<<<<<]
[2024-06-21 18:37:07,683 : INFO: common: yaml file: config/config.yaml loaded successfully]
[2024-06-21 18:37:07,687 : INFO: common: yaml file: params.yaml loaded successfully]
[2024-06-21 18:37:07,688 : INFO: common: created directory at: artifacts]
[2024-06-21 18:37:08,595 : WARNING: saving_utils: Compiled the loaded model, but the compiled metrics have yet to be built. `model.compile_metrics` will be empty until you train or evaluate the model.]
[2024-06-21 18:44:03,700 : INFO: common: json file saved at: scores.json]
[2024-06-21 18:44:03,701 : INFO: common: json file saved at: scores.json]
[2024-06-21 18:44:03,701 : INFO: stage_04_model_evaluation: >>>>>>> stage Evaluation stage completed <<<<<<

x==========x]
